This is pdfTeX, Version 3.1415926-1.40.10 (TeX Live 2009/Debian) (format=pdflatex 2013.9.10)  7 APR 2016 17:04
entering extended mode
 %&-line parsing enabled.
**poster.tex
(./poster.tex
LaTeX2e <2009/09/24>
Babel <v3.8l> and hyphenation patterns for english, usenglishmax, dumylang, noh
yphenation, farsi, arabic, croatian, bulgarian, ukrainian, russian, czech, slov
ak, danish, dutch, finnish, french, basque, ngerman, german, german-x-2009-06-1
9, ngerman-x-2009-06-19, ibycus, monogreek, greek, ancientgreek, hungarian, san
skrit, italian, latin, latvian, lithuanian, mongolian2a, mongolian, bokmal, nyn
orsk, romanian, irish, coptic, serbian, turkish, welsh, esperanto, uppersorbian
, estonian, indonesian, interlingua, icelandic, kurmanji, slovenian, polish, po
rtuguese, spanish, galician, catalan, swedish, ukenglish, pinyin, loaded.
(./baposter.cls
Document Class: baposter 2011/11/26 v2.0 baposter class
(/usr/share/texmf-texlive/tex/latex/base/article.cls
Document Class: article 2007/10/19 v1.4h Standard LaTeX document class
(/usr/share/texmf-texlive/tex/latex/base/size10.clo
File: size10.clo 2007/10/19 v1.4h Standard LaTeX file (size option)
)
\c@part=\count79
\c@section=\count80
\c@subsection=\count81
\c@subsubsection=\count82
\c@paragraph=\count83
\c@subparagraph=\count84
\c@figure=\count85
\c@table=\count86
\abovecaptionskip=\skip41
\belowcaptionskip=\skip42
\bibindent=\dimen102
)
baposter: Brian Amberg, 2007, 2008, 2009, 2010, 2011 | http://www.brian-amberg.
de/uni/poster/
baposter: Reinhold Kainhofer, 2011 | http://reinhold.kainhofer.com/
\baposter@basepaperwidth=\skip43
\baposter@basepaperheight=\skip44
\baposter@basemargin=\skip45
\baposter@finalpaperwidth=\skip46
\baposter@finalpaperheight=\skip47
\baposter@finalmargin=\skip48
\headerheight=\skip49
\colwidth=\skip50
\colheight=\skip51
\baposter@@colspacing=\skip52
\baposter@box@@cornerradius=\skip53
\baposter@box@@boxheaderheight=\skip54
\baposter@box@@boxpadding=\skip55
\boxstartx=\skip56
\boxstarty=\skip57
\boxwidth=\skip58
\boxheight=\skip59
\baposter@titleimage@left@width=\skip60
\baposter@titleimage@right@width=\skip61
\baposter@titleimage@textwidth=\skip62
\baposter@box@content=\box26
\baposter@titleimage@left=\box27
\baposter@titleimage@title=\box28
\baposter@titleimage@right=\box29
Use Packages
(/usr/share/texmf-texlive/tex/latex/xkeyval/xkeyval.sty
Package: xkeyval 2008/08/13 v2.6a package option processing (HA)

(/usr/share/texmf-texlive/tex/generic/xkeyval/xkeyval.tex
\XKV@toks=\toks14
\XKV@tempa@toks=\toks15
\XKV@depth=\count87
File: xkeyval.tex 2008/08/13 v2.6a key=value parser (HA)

(/usr/share/texmf-texlive/tex/generic/xkeyval/keyval.tex)))
(/usr/share/texmf-texlive/tex/latex/tools/calc.sty
Package: calc 2007/08/22 v4.3 Infix arithmetic (KKT,FJ)
\calc@Acount=\count88
\calc@Bcount=\count89
\calc@Adimen=\dimen103
\calc@Bdimen=\dimen104
\calc@Askip=\skip63
\calc@Bskip=\skip64
LaTeX Info: Redefining \setlength on input line 76.
LaTeX Info: Redefining \addtolength on input line 77.
\calc@Ccount=\count90
\calc@Cskip=\skip65
)
(/usr/share/texmf/tex/latex/xcolor/xcolor.sty
Package: xcolor 2007/01/21 v2.11 LaTeX color extensions (UK)

(/etc/texmf/tex/latex/config/color.cfg
File: color.cfg 2007/01/18 v1.5 color configuration of teTeX/TeXLive
)
Package xcolor Info: Driver file: pdftex.def on input line 225.

(/usr/share/texmf-texlive/tex/latex/pdftex-def/pdftex.def
File: pdftex.def 2010/03/12 v0.04p Graphics/color for pdfTeX
\Gread@gobject=\count91
)
Package xcolor Info: Model `cmy' substituted by `cmy0' on input line 1337.
Package xcolor Info: Model `hsb' substituted by `rgb' on input line 1341.
Package xcolor Info: Model `RGB' extended on input line 1353.
Package xcolor Info: Model `HTML' substituted by `rgb' on input line 1355.
Package xcolor Info: Model `Hsb' substituted by `hsb' on input line 1356.
Package xcolor Info: Model `tHsb' substituted by `hsb' on input line 1357.
Package xcolor Info: Model `HSB' substituted by `hsb' on input line 1358.
Package xcolor Info: Model `Gray' substituted by `gray' on input line 1359.
Package xcolor Info: Model `wave' substituted by `hsb' on input line 1360.
)
(/usr/share/texmf/tex/latex/pgf/frontendlayer/tikz.sty
(/usr/share/texmf/tex/latex/pgf/basiclayer/pgf.sty
(/usr/share/texmf/tex/latex/pgf/utilities/pgfrcs.sty
(/usr/share/texmf/tex/generic/pgf/utilities/pgfutil-common.tex
\pgfutil@everybye=\toks16
)
(/usr/share/texmf/tex/generic/pgf/utilities/pgfutil-latex.def
\pgfutil@abb=\box30

(/usr/share/texmf-texlive/tex/latex/ms/everyshi.sty
Package: everyshi 2001/05/15 v3.00 EveryShipout Package (MS)
))
(/usr/share/texmf/tex/generic/pgf/utilities/pgfrcs.code.tex
Package: pgfrcs 2010/10/25 v2.10 (rcs-revision 1.24)
))
Package: pgf 2008/01/15 v2.10 (rcs-revision 1.12)

(/usr/share/texmf/tex/latex/pgf/basiclayer/pgfcore.sty
(/usr/share/texmf-texlive/tex/latex/graphics/graphicx.sty
Package: graphicx 1999/02/16 v1.0f Enhanced LaTeX Graphics (DPC,SPQR)

(/usr/share/texmf-texlive/tex/latex/graphics/graphics.sty
Package: graphics 2009/02/05 v1.0o Standard LaTeX Graphics (DPC,SPQR)

(/usr/share/texmf-texlive/tex/latex/graphics/trig.sty
Package: trig 1999/03/16 v1.09 sin cos tan (DPC)
)
(/etc/texmf/tex/latex/config/graphics.cfg
File: graphics.cfg 2009/08/28 v1.8 graphics configuration of TeX Live
)
Package graphics Info: Driver file: pdftex.def on input line 91.
)
\Gin@req@height=\dimen105
\Gin@req@width=\dimen106
)
(/usr/share/texmf/tex/latex/pgf/systemlayer/pgfsys.sty
(/usr/share/texmf/tex/generic/pgf/systemlayer/pgfsys.code.tex
Package: pgfsys 2010/06/30 v2.10 (rcs-revision 1.37)

(/usr/share/texmf/tex/generic/pgf/utilities/pgfkeys.code.tex
\pgfkeys@pathtoks=\toks17
\pgfkeys@temptoks=\toks18

(/usr/share/texmf/tex/generic/pgf/utilities/pgfkeysfiltered.code.tex
\pgfkeys@tmptoks=\toks19
))
\pgf@x=\dimen107
\pgf@y=\dimen108
\pgf@xa=\dimen109
\pgf@ya=\dimen110
\pgf@xb=\dimen111
\pgf@yb=\dimen112
\pgf@xc=\dimen113
\pgf@yc=\dimen114
\w@pgf@writea=\write3
\r@pgf@reada=\read1
\c@pgf@counta=\count92
\c@pgf@countb=\count93
\c@pgf@countc=\count94
\c@pgf@countd=\count95

(/usr/share/texmf/tex/generic/pgf/systemlayer/pgf.cfg
File: pgf.cfg 2008/05/14  (rcs-revision 1.7)
)
Package pgfsys Info: Driver file for pgf: pgfsys-pdftex.def on input line 900.

(/usr/share/texmf/tex/generic/pgf/systemlayer/pgfsys-pdftex.def
File: pgfsys-pdftex.def 2009/05/22  (rcs-revision 1.26)

(/usr/share/texmf/tex/generic/pgf/systemlayer/pgfsys-common-pdf.def
File: pgfsys-common-pdf.def 2008/05/19  (rcs-revision 1.10)
)))
(/usr/share/texmf/tex/generic/pgf/systemlayer/pgfsyssoftpath.code.tex
File: pgfsyssoftpath.code.tex 2008/07/18  (rcs-revision 1.7)
\pgfsyssoftpath@smallbuffer@items=\count96
\pgfsyssoftpath@bigbuffer@items=\count97
)
(/usr/share/texmf/tex/generic/pgf/systemlayer/pgfsysprotocol.code.tex
File: pgfsysprotocol.code.tex 2006/10/16  (rcs-revision 1.4)
))
(/usr/share/texmf/tex/generic/pgf/basiclayer/pgfcore.code.tex
Package: pgfcore 2010/04/11 v2.10 (rcs-revision 1.7)

(/usr/share/texmf/tex/generic/pgf/math/pgfmath.code.tex
(/usr/share/texmf/tex/generic/pgf/math/pgfmathcalc.code.tex
(/usr/share/texmf/tex/generic/pgf/math/pgfmathutil.code.tex)
(/usr/share/texmf/tex/generic/pgf/math/pgfmathparser.code.tex
\pgfmath@dimen=\dimen115
\pgfmath@count=\count98
\pgfmath@box=\box31
\pgfmath@toks=\toks20
\pgfmath@stack@operand=\toks21
\pgfmath@stack@operation=\toks22
)
(/usr/share/texmf/tex/generic/pgf/math/pgfmathfunctions.code.tex
(/usr/share/texmf/tex/generic/pgf/math/pgfmathfunctions.basic.code.tex)
(/usr/share/texmf/tex/generic/pgf/math/pgfmathfunctions.trigonometric.code.tex)
(/usr/share/texmf/tex/generic/pgf/math/pgfmathfunctions.random.code.tex)
(/usr/share/texmf/tex/generic/pgf/math/pgfmathfunctions.comparison.code.tex)
(/usr/share/texmf/tex/generic/pgf/math/pgfmathfunctions.base.code.tex)
(/usr/share/texmf/tex/generic/pgf/math/pgfmathfunctions.round.code.tex)
(/usr/share/texmf/tex/generic/pgf/math/pgfmathfunctions.misc.code.tex)))
(/usr/share/texmf/tex/generic/pgf/math/pgfmathfloat.code.tex
\c@pgfmathroundto@lastzeros=\count99
))
(/usr/share/texmf/tex/generic/pgf/basiclayer/pgfcorepoints.code.tex
File: pgfcorepoints.code.tex 2010/04/09  (rcs-revision 1.20)
\pgf@picminx=\dimen116
\pgf@picmaxx=\dimen117
\pgf@picminy=\dimen118
\pgf@picmaxy=\dimen119
\pgf@pathminx=\dimen120
\pgf@pathmaxx=\dimen121
\pgf@pathminy=\dimen122
\pgf@pathmaxy=\dimen123
\pgf@xx=\dimen124
\pgf@xy=\dimen125
\pgf@yx=\dimen126
\pgf@yy=\dimen127
\pgf@zx=\dimen128
\pgf@zy=\dimen129
)
(/usr/share/texmf/tex/generic/pgf/basiclayer/pgfcorepathconstruct.code.tex
File: pgfcorepathconstruct.code.tex 2010/08/03  (rcs-revision 1.24)
\pgf@path@lastx=\dimen130
\pgf@path@lasty=\dimen131
)
(/usr/share/texmf/tex/generic/pgf/basiclayer/pgfcorepathusage.code.tex
File: pgfcorepathusage.code.tex 2008/04/22  (rcs-revision 1.12)
\pgf@shorten@end@additional=\dimen132
\pgf@shorten@start@additional=\dimen133
)
(/usr/share/texmf/tex/generic/pgf/basiclayer/pgfcorescopes.code.tex
File: pgfcorescopes.code.tex 2010/09/08  (rcs-revision 1.34)
\pgfpic=\box32
\pgf@hbox=\box33
\pgf@layerbox@main=\box34
\pgf@picture@serial@count=\count100
)
(/usr/share/texmf/tex/generic/pgf/basiclayer/pgfcoregraphicstate.code.tex
File: pgfcoregraphicstate.code.tex 2008/04/22  (rcs-revision 1.9)
\pgflinewidth=\dimen134
)
(/usr/share/texmf/tex/generic/pgf/basiclayer/pgfcoretransformations.code.tex
File: pgfcoretransformations.code.tex 2009/06/10  (rcs-revision 1.11)
\pgf@pt@x=\dimen135
\pgf@pt@y=\dimen136
\pgf@pt@temp=\dimen137
)
(/usr/share/texmf/tex/generic/pgf/basiclayer/pgfcorequick.code.tex
File: pgfcorequick.code.tex 2008/10/09  (rcs-revision 1.3)
)
(/usr/share/texmf/tex/generic/pgf/basiclayer/pgfcoreobjects.code.tex
File: pgfcoreobjects.code.tex 2006/10/11  (rcs-revision 1.2)
)
(/usr/share/texmf/tex/generic/pgf/basiclayer/pgfcorepathprocessing.code.tex
File: pgfcorepathprocessing.code.tex 2008/10/09  (rcs-revision 1.8)
)
(/usr/share/texmf/tex/generic/pgf/basiclayer/pgfcorearrows.code.tex
File: pgfcorearrows.code.tex 2008/04/23  (rcs-revision 1.11)
)
(/usr/share/texmf/tex/generic/pgf/basiclayer/pgfcoreshade.code.tex
File: pgfcoreshade.code.tex 2008/11/23  (rcs-revision 1.13)
\pgf@max=\dimen138
\pgf@sys@shading@range@num=\count101
)
(/usr/share/texmf/tex/generic/pgf/basiclayer/pgfcoreimage.code.tex
File: pgfcoreimage.code.tex 2010/03/25  (rcs-revision 1.16)

(/usr/share/texmf/tex/generic/pgf/basiclayer/pgfcoreexternal.code.tex
File: pgfcoreexternal.code.tex 2010/09/01  (rcs-revision 1.17)
\pgfexternal@startupbox=\box35
))
(/usr/share/texmf/tex/generic/pgf/basiclayer/pgfcorelayers.code.tex
File: pgfcorelayers.code.tex 2010/08/27  (rcs-revision 1.2)
)
(/usr/share/texmf/tex/generic/pgf/basiclayer/pgfcoretransparency.code.tex
File: pgfcoretransparency.code.tex 2008/01/17  (rcs-revision 1.2)
)
(/usr/share/texmf/tex/generic/pgf/basiclayer/pgfcorepatterns.code.tex
File: pgfcorepatterns.code.tex 2009/07/02  (rcs-revision 1.3)
)))
(/usr/share/texmf/tex/generic/pgf/modules/pgfmoduleshapes.code.tex
File: pgfmoduleshapes.code.tex 2010/09/09  (rcs-revision 1.13)
\pgfnodeparttextbox=\box36
)
(/usr/share/texmf/tex/generic/pgf/modules/pgfmoduleplot.code.tex
File: pgfmoduleplot.code.tex 2010/10/22  (rcs-revision 1.8)
)
(/usr/share/texmf/tex/latex/pgf/compatibility/pgfcomp-version-0-65.sty
Package: pgfcomp-version-0-65 2007/07/03 v2.10 (rcs-revision 1.7)
\pgf@nodesepstart=\dimen139
\pgf@nodesepend=\dimen140
)
(/usr/share/texmf/tex/latex/pgf/compatibility/pgfcomp-version-1-18.sty
Package: pgfcomp-version-1-18 2007/07/23 v2.10 (rcs-revision 1.1)
))
(/usr/share/texmf/tex/latex/pgf/utilities/pgffor.sty
(/usr/share/texmf/tex/latex/pgf/utilities/pgfkeys.sty
(/usr/share/texmf/tex/generic/pgf/utilities/pgfkeys.code.tex))
(/usr/share/texmf/tex/generic/pgf/utilities/pgffor.code.tex
Package: pgffor 2010/03/23 v2.10 (rcs-revision 1.18)
\pgffor@iter=\dimen141
\pgffor@skip=\dimen142
\pgffor@stack=\toks23
\pgffor@toks=\toks24
))
(/usr/share/texmf/tex/generic/pgf/frontendlayer/tikz/tikz.code.tex
Package: tikz 2010/10/13 v2.10 (rcs-revision 1.76)

(/usr/share/texmf/tex/generic/pgf/libraries/pgflibraryplothandlers.code.tex
File: pgflibraryplothandlers.code.tex 2010/05/31 v2.10 (rcs-revision 1.15)
\pgf@plot@mark@count=\count102
\pgfplotmarksize=\dimen143
)
\tikz@lastx=\dimen144
\tikz@lasty=\dimen145
\tikz@lastxsaved=\dimen146
\tikz@lastysaved=\dimen147
\tikzleveldistance=\dimen148
\tikzsiblingdistance=\dimen149
\tikz@figbox=\box37
\tikz@tempbox=\box38
\tikztreelevel=\count103
\tikznumberofchildren=\count104
\tikznumberofcurrentchild=\count105
\tikz@fig@count=\count106

(/usr/share/texmf/tex/generic/pgf/modules/pgfmodulematrix.code.tex
File: pgfmodulematrix.code.tex 2010/08/24  (rcs-revision 1.4)
\pgfmatrixcurrentrow=\count107
\pgfmatrixcurrentcolumn=\count108
\pgf@matrix@numberofcolumns=\count109
)
\tikz@expandcount=\count110

(/usr/share/texmf/tex/generic/pgf/frontendlayer/tikz/libraries/tikzlibrarytopat
hs.code.tex
File: tikzlibrarytopaths.code.tex 2008/06/17 v2.10 (rcs-revision 1.2)
))) (/usr/share/texmf-texlive/tex/latex/base/ifthen.sty
Package: ifthen 2001/05/26 v1.1c Standard LaTeX ifthen package (DPC)
)
(/usr/share/texmf-texlive/tex/latex/base/fontenc.sty
Package: fontenc 2005/09/27 v1.99g Standard LaTeX package

(/usr/share/texmf-texlive/tex/latex/base/t1enc.def
File: t1enc.def 2005/09/27 v1.99g Standard LaTeX file
LaTeX Font Info:    Redeclaring font encoding T1 on input line 43.
))
(/usr/share/texmf/tex/generic/pgf/frontendlayer/tikz/libraries/tikzlibrarydecor
ations.code.tex
(/usr/share/texmf/tex/generic/pgf/modules/pgfmoduledecorations.code.tex
\pgfdecoratedcompleteddistance=\dimen150
\pgfdecoratedremainingdistance=\dimen151
\pgfdecoratedinputsegmentcompleteddistance=\dimen152
\pgfdecoratedinputsegmentremainingdistance=\dimen153
\pgf@decorate@distancetomove=\dimen154
\pgf@decorate@repeatstate=\count111
\pgfdecorationsegmentamplitude=\dimen155
\pgfdecorationsegmentlength=\dimen156
)
\tikz@lib@dec@box=\box39
)
(/usr/share/texmf/tex/generic/pgf/frontendlayer/tikz/libraries/tikzlibraryfadin
gs.code.tex
File: tikzlibraryfadings.code.tex 2009/11/15 v2.10 (rcs-revision 1.2)

(/usr/share/texmf/tex/generic/pgf/libraries/pgflibraryfadings.code.tex
File: pgflibraryfadings.code.tex 2008/02/07 v2.10 (rcs-revision 1.3)
))
(/usr/share/texmf/tex/generic/pgf/frontendlayer/tikz/libraries/tikzlibrarysnake
s.code.tex
File: tikzlibrarysnakes.code.tex 2008/02/05 v2.10 (rcs-revision 1.6)


Package tikz Warning: Snakes have been superseded by decorations. Please use th
e decoration libraries instead of the snakes library on input line 14.


(/usr/share/texmf/tex/generic/pgf/frontendlayer/tikz/libraries/tikzlibrarydecor
ations.pathmorphing.code.tex
(/usr/share/texmf/tex/generic/pgf/libraries/decorations/pgflibrarydecorations.p
athmorphing.code.tex))
(/usr/share/texmf/tex/generic/pgf/frontendlayer/tikz/libraries/tikzlibrarydecor
ations.pathreplacing.code.tex
(/usr/share/texmf/tex/generic/pgf/libraries/decorations/pgflibrarydecorations.p
athreplacing.code.tex))
(/usr/share/texmf/tex/generic/pgf/frontendlayer/tikz/libraries/tikzlibrarydecor
ations.shapes.code.tex
(/usr/share/texmf/tex/generic/pgf/libraries/decorations/pgflibrarydecorations.s
hapes.code.tex)))
(/usr/share/texmf/tex/generic/pgf/frontendlayer/tikz/libraries/tikzlibrarycalc.
code.tex
File: tikzlibrarycalc.code.tex 2009/09/04 v2.10 (rcs-revision 1.6)
)
\baposter@movebody=\skip66
\baposter@basemarginright=\skip67
\baposter@basemarginleft=\skip68

Paperwidth=2392.87677pt
Paperheight=3383.03267pt
BasePaperwidth=681.97864pt
BasePaperheight=964.1767pt
(/usr/share/texmf-texlive/tex/latex/geometry/geometry.sty
Package: geometry 2008/12/21 v4.2 Page Geometry

(/usr/share/texmf-texlive/tex/generic/oberdiek/ifpdf.sty
Package: ifpdf 2009/04/10 v2.0 Provides the ifpdf switch (HO)
Package ifpdf Info: pdfTeX in pdf mode detected.
)
(/usr/share/texmf-texlive/tex/generic/oberdiek/ifvtex.sty
Package: ifvtex 2008/11/04 v1.4 Switches for detecting VTeX and its modes (HO)
Package ifvtex Info: VTeX not detected.
)
\Gm@cnth=\count112
\Gm@cntv=\count113
\c@Gm@tempcnt=\count114
\Gm@bindingoffset=\dimen157
\Gm@wd@mp=\dimen158
\Gm@odd@mp=\dimen159
\Gm@even@mp=\dimen160
\Gm@dimlist=\toks25

(/usr/share/texmf-texlive/tex/xelatex/xetexconfig/geometry.cfg))
(/usr/share/texmf/tex/latex/pgf/utilities/pgfpages.sty
Package: pgfpages 2004/11/05 ver 0.01
\pgf@logicalpages=\count115
\pgf@firstshipout=\count116
\pgf@lastshipout=\count117
\pgf@currentshipout=\count118
\pgf@cpn=\count119
\pgf@shipoutnextto=\count120
\pgfphysicalheight=\dimen161
\pgfphysicalwidth=\dimen162
\pgfpages@shipoutbox=\box40
)
\pgfpages@box@1=\box41
)
(/usr/share/texmf-texlive/tex/latex/amsmath/amsmath.sty
Package: amsmath 2000/07/18 v2.13 AMS math features
\@mathmargin=\skip69

For additional information on amsmath, use the `?' option.
(/usr/share/texmf-texlive/tex/latex/amsmath/amstext.sty
Package: amstext 2000/06/29 v2.01

(/usr/share/texmf-texlive/tex/latex/amsmath/amsgen.sty
File: amsgen.sty 1999/11/30 v2.0
\@emptytoks=\toks26
\ex@=\dimen163
))
(/usr/share/texmf-texlive/tex/latex/amsmath/amsbsy.sty
Package: amsbsy 1999/11/29 v1.2d
\pmbraise@=\dimen164
)
(/usr/share/texmf-texlive/tex/latex/amsmath/amsopn.sty
Package: amsopn 1999/12/14 v2.01 operator names
)
\inf@bad=\count121
LaTeX Info: Redefining \frac on input line 211.
\uproot@=\count122
\leftroot@=\count123
LaTeX Info: Redefining \overline on input line 307.
\classnum@=\count124
\DOTSCASE@=\count125
LaTeX Info: Redefining \ldots on input line 379.
LaTeX Info: Redefining \dots on input line 382.
LaTeX Info: Redefining \cdots on input line 467.
\Mathstrutbox@=\box42
\strutbox@=\box43
\big@size=\dimen165
LaTeX Font Info:    Redeclaring font encoding OML on input line 567.
LaTeX Font Info:    Redeclaring font encoding OMS on input line 568.
\macc@depth=\count126
\c@MaxMatrixCols=\count127
\dotsspace@=\muskip10
\c@parentequation=\count128
\dspbrk@lvl=\count129
\tag@help=\toks27
\row@=\count130
\column@=\count131
\maxfields@=\count132
\andhelp@=\toks28
\eqnshift@=\dimen166
\alignsep@=\dimen167
\tagshift@=\dimen168
\tagwidth@=\dimen169
\totwidth@=\dimen170
\lineht@=\dimen171
\@envbody=\toks29
\multlinegap=\skip70
\multlinetaggap=\skip71
\mathdisplay@stack=\toks30
LaTeX Info: Redefining \[ on input line 2666.
LaTeX Info: Redefining \] on input line 2667.
)
(/usr/share/texmf-texlive/tex/latex/amsfonts/amssymb.sty
Package: amssymb 2009/06/22 v3.00

(/usr/share/texmf-texlive/tex/latex/amsfonts/amsfonts.sty
Package: amsfonts 2009/06/22 v3.00 Basic AMSFonts support
\symAMSa=\mathgroup4
\symAMSb=\mathgroup5
LaTeX Font Info:    Overwriting math alphabet `\mathfrak' in version `bold'
(Font)                  U/euf/m/n --> U/euf/b/n on input line 96.
))
(/usr/share/texmf-texlive/tex/latex/ltxmisc/relsize.sty
Package: relsize 2003/07/04 ver 3.1
)
(/usr/share/texmf-texlive/tex/latex/multirow/multirow.sty
\bigstrutjot=\dimen172
)
(/usr/share/texmf-texlive/tex/latex/rotating/rotating.sty
Package: rotating 2009/03/28 v2.16a rotated objects in LaTeX
\c@r@tfl@t=\count133
\rotFPtop=\skip72
\rotFPbot=\skip73
\rot@float@box=\box44
\rot@mess@toks=\toks31
)
(/usr/share/texmf-texlive/tex/latex/tools/bm.sty
Package: bm 2004/02/26 v1.1c Bold Symbol Support (DPC/FMi)
\symboldoperators=\mathgroup6
\symboldletters=\mathgroup7
\symboldsymbols=\mathgroup8
LaTeX Font Info:    Redeclaring math alphabet \mathbf on input line 138.
LaTeX Info: Redefining \bm on input line 204.
)
(/usr/share/texmf-texlive/tex/latex/ltxmisc/url.sty
\Urlmuskip=\muskip11
Package: url 2006/04/12  ver 3.3  Verb mode for urls, etc.
)
(/usr/share/texmf-texlive/tex/latex/tools/multicol.sty
Package: multicol 2008/12/05 v1.6h multicolumn formatting (FMi)
\c@tracingmulticols=\count134
\mult@box=\box45
\multicol@leftmargin=\dimen173
\c@unbalance=\count135
\c@collectmore=\count136
\doublecol@number=\count137
\multicoltolerance=\count138
\multicolpretolerance=\count139
\full@width=\dimen174
\page@free=\dimen175
\premulticols=\dimen176
\postmulticols=\dimen177
\multicolsep=\skip74
\multicolbaselineskip=\skip75
\partial@page=\box46
\last@line=\box47
\mult@rightbox=\box48
\mult@grightbox=\box49
\mult@gfirstbox=\box50
\mult@firstbox=\box51
\@tempa=\box52
\@tempa=\box53
\@tempa=\box54
\@tempa=\box55
\@tempa=\box56
\@tempa=\box57
\@tempa=\box58
\@tempa=\box59
\@tempa=\box60
\@tempa=\box61
\@tempa=\box62
\@tempa=\box63
\@tempa=\box64
\@tempa=\box65
\@tempa=\box66
\@tempa=\box67
\@tempa=\box68
\c@columnbadness=\count140
\c@finalcolumnbadness=\count141
\last@try=\dimen178
\multicolovershoot=\dimen179
\multicolundershoot=\dimen180
\mult@nat@firstbox=\box69
\colbreak@box=\box70
)
(/usr/share/texmf-texlive/tex/latex/was/gensymb.sty
Package: gensymb 2003/07/02 v1.0 (WaS)
)
(/usr/share/texmf-texlive/tex/latex/bbm-macros/bbm.sty
Package: bbm 1999/03/15 V 1.2 provides fonts for set symbols - TH
LaTeX Font Info:    Overwriting math alphabet `\mathbbm' in version `bold'
(Font)                  U/bbm/m/n --> U/bbm/bx/n on input line 33.
LaTeX Font Info:    Overwriting math alphabet `\mathbbmss' in version `bold'
(Font)                  U/bbmss/m/n --> U/bbmss/bx/n on input line 35.
)
(/usr/share/texmf-texlive/tex/latex/booktabs/booktabs.sty
Package: booktabs 2005/04/14 v1.61803 publication quality tables
\heavyrulewidth=\dimen181
\lightrulewidth=\dimen182
\cmidrulewidth=\dimen183
\belowrulesep=\dimen184
\belowbottomsep=\dimen185
\aboverulesep=\dimen186
\abovetopsep=\dimen187
\cmidrulesep=\dimen188
\cmidrulekern=\dimen189
\defaultaddspace=\dimen190
\@cmidla=\count142
\@cmidlb=\count143
\@aboverulesep=\dimen191
\@belowrulesep=\dimen192
\@thisruleclass=\count144
\@lastruleclass=\count145
\@thisrulewidth=\dimen193
)
(/usr/share/texmf-texlive/tex/latex/psnfss/palatino.sty
Package: palatino 2005/04/12 PSNFSS-v9.2a (SPQR) 
)

LaTeX Warning: Unused global option(s):
    [final].

(./poster.aux)
\openout1 = `poster.aux'.

LaTeX Font Info:    Checking defaults for OML/cmm/m/it on input line 86.
LaTeX Font Info:    ... okay on input line 86.
LaTeX Font Info:    Checking defaults for T1/cmr/m/n on input line 86.
LaTeX Font Info:    ... okay on input line 86.
LaTeX Font Info:    Checking defaults for OT1/cmr/m/n on input line 86.
LaTeX Font Info:    ... okay on input line 86.
LaTeX Font Info:    Checking defaults for OMS/cmsy/m/n on input line 86.
LaTeX Font Info:    ... okay on input line 86.
LaTeX Font Info:    Checking defaults for OMX/cmex/m/n on input line 86.
LaTeX Font Info:    ... okay on input line 86.
LaTeX Font Info:    Checking defaults for U/cmr/m/n on input line 86.
LaTeX Font Info:    ... okay on input line 86.
LaTeX Font Info:    Try loading font information for T1+ppl on input line 86.
 (/usr/share/texmf-texlive/tex/latex/psnfss/t1ppl.fd
File: t1ppl.fd 2001/06/04 font definitions for T1/ppl.
)
(/usr/share/texmf-texlive/tex/context/base/supp-pdf.mkii
[Loading MPS to PDF converter (version 2006.09.02).]
\scratchcounter=\count146
\scratchdimen=\dimen194
\scratchbox=\box71
\nofMPsegments=\count147
\nofMParguments=\count148
\everyMPshowfont=\toks32
\MPscratchCnt=\count149
\MPscratchDim=\dimen195
\MPnumerator=\count150
\everyMPtoPDFconversion=\toks33
) ABD: EveryShipout initializing macros
*geometry auto-detecting driver*
*geometry detected driver: pdftex*
-------------------- Geometry parameters
paper: user defined
landscape: true
twocolumn: --
twoside: --
asymmetric: --
h-parts: 12.1637pt, 939.8493pt, 12.1637pt
v-parts: 12.1637pt, 657.65125pt, 12.1637pt
hmarginratio: --
vmarginratio: --
lines: --
heightrounded: --
bindingoffset: 0.0pt
truedimen: --
includehead: --
includefoot: --
includemp: --
driver: pdftex
-------------------- Page layout dimensions and switches
\paperwidth  964.1767pt
\paperheight 681.97864pt
\textwidth  939.8493pt
\textheight 657.65125pt
\oddsidemargin  -60.1063pt
\evensidemargin -60.1063pt
\topmargin  -97.1063pt
\headheight 12.0pt
\headsep    25.0pt
\footskip   30.0pt
\marginparwidth 65.0pt
\marginparsep   11.0pt
\columnsep  10.0pt
\skip\footins  9.0pt plus 4.0pt minus 2.0pt
\hoffset 0.0pt
\voffset 0.0pt
\mag 1000

(1in=72.27pt, 1cm=28.45pt)
-----------------------
LaTeX Info: Redefining \celsius on input line 86.
Package gensymb Info: Faking symbols for \degree and \celsius on input line 86.


Package gensymb Warning: Not defining \perthousand.

LaTeX Info: Redefining \ohm on input line 86.
Package gensymb Info: Using \Omega for \ohm on input line 86.

Package gensymb Warning: Not defining \micro.

LaTeX Font Info:    Font shape `T1/ppl/bx/n' in size <10> not available
(Font)              Font shape `T1/ppl/b/n' tried instead on input line 181.
LaTeX Font Info:    Font shape `T1/ppl/bx/n' in size <24.88> not available
(Font)              Font shape `T1/ppl/b/n' tried instead on input line 181.
LaTeX Font Info:    Font shape `T1/ppl/bx/n' in size <20.74> not available
(Font)              Font shape `T1/ppl/b/n' tried instead on input line 181.
LaTeX Font Info:    Try loading font information for U+msa on input line 181.
(/usr/share/texmf-texlive/tex/latex/amsfonts/umsa.fd
File: umsa.fd 2009/06/22 v3.00 AMS symbols A
)
LaTeX Font Info:    Try loading font information for U+msb on input line 181.

(/usr/share/texmf-texlive/tex/latex/amsfonts/umsb.fd
File: umsb.fd 2009/06/22 v3.00 AMS symbols B
)
<fig/attention/voc12/img/2008_008221.jpg, id=20, 501.875pt x 327.2225pt>
File: fig/attention/voc12/img/2008_008221.jpg Graphic file (type jpg)

<use fig/attention/voc12/img/2008_008221.jpg>
<fig/attention/voc12/img/2007_002728.jpg, id=21, 501.875pt x 335.2525pt>
File: fig/attention/voc12/img/2007_002728.jpg Graphic file (type jpg)

<use fig/attention/voc12/img/2007_002728.jpg>
<fig/attention/coco/img/COCO_val2014_000000000395.jpg, id=22, 642.4pt x 582.175
pt>
File: fig/attention/coco/img/COCO_val2014_000000000395.jpg Graphic file (type j
pg)
 <use fig/attention/coco/img/COCO_val2014_000000000395.jpg>
<fig/attention/voc12/gt/2008_008221.png, id=23, 501.875pt x 327.2225pt>
File: fig/attention/voc12/gt/2008_008221.png Graphic file (type png)

<use fig/attention/voc12/gt/2008_008221.png>
<fig/attention/voc12/gt/2007_002728.png, id=24, 501.875pt x 335.2525pt>
File: fig/attention/voc12/gt/2007_002728.png Graphic file (type png)

<use fig/attention/voc12/gt/2007_002728.png>
<fig/attention/coco/gt_tmp/COCO_val2014_000000000395.png, id=25, 642.4pt x 582.
175pt>
File: fig/attention/coco/gt_tmp/COCO_val2014_000000000395.png Graphic file (typ
e png)
 <use fig/attention/coco/gt_tmp/COCO_val2014_000000000395.png>
Missing character: There is no ; in font nullfont!
Missing character: There is no ; in font nullfont!
LaTeX Font Info:    Font shape `T1/ppl/bx/n' in size <14.4> not available
(Font)              Font shape `T1/ppl/b/n' tried instead on input line 236.
LaTeX Font Info:    Font shape `T1/ppl/bx/sc' in size <14.4> not available
(Font)              Font shape `T1/ppl/b/sc' tried instead on input line 236.
Missing character: There is no ; in font nullfont!

<fig/attention/model_illustration/fig4.pdf, id=26, 794.97pt x 347.2975pt>
File: fig/attention/model_illustration/fig4.pdf Graphic file (type pdf)

<use fig/attention/model_illustration/fig4.pdf>
<fig/attention/model_illustration/fig5_2.pdf, id=28, 794.97pt x 465.74pt>
File: fig/attention/model_illustration/fig5_2.pdf Graphic file (type pdf)

<use fig/attention/model_illustration/fig5_2.pdf>
<fig/attention/model_illustration/our_fig4.pdf, id=30, 794.97pt x 348.30125pt>
File: fig/attention/model_illustration/our_fig4.pdf Graphic file (type pdf)

<use fig/attention/model_illustration/our_fig4.pdf>
Missing character: There is no ; in font nullfont!
Missing character: There is no ; in font nullfont!
Missing character: There is no ; in font nullfont!
LaTeX Font Info:    Try loading font information for OMS+ppl on input line 290.


(/usr/share/texmf-texlive/tex/latex/psnfss/omsppl.fd
File: omsppl.fd 
)
LaTeX Font Info:    Font shape `OMS/ppl/m/n' in size <10> not available
(Font)              Font shape `OMS/cmsy/m/n' tried instead on input line 290.
Missing character: There is no ; in font nullfont!
Missing character: There is no ; in font nullfont!
Missing character: There is no ; in font nullfont!

<fig/attention/voc10_part/img/2008_000034.jpg, id=32, 344.04591pt x 508.94366pt
>
File: fig/attention/voc10_part/img/2008_000034.jpg Graphic file (type jpg)
 <use fig/attention/voc10_part/img/2008_000034.jpg>
<fig/attention/voc10_part/img/2008_003344.jpg, id=33, 499.8675pt x 501.875pt>
File: fig/attention/voc10_part/img/2008_003344.jpg Graphic file (type jpg)

<use fig/attention/voc10_part/img/2008_003344.jpg>
<fig/attention/voc10_part/att1/2008_000034_max.pdf, id=34, 240.4985pt x 286.309
65pt>
File: fig/attention/voc10_part/att1/2008_000034_max.pdf Graphic file (type pdf)

 <use fig/attention/voc10_part/att1/2008_000034_max.pdf>
<fig/attention/voc10_part/att2/2008_000034_max.pdf, id=35, 240.4985pt x 286.309
65pt>
File: fig/attention/voc10_part/att2/2008_000034_max.pdf Graphic file (type pdf)

 <use fig/attention/voc10_part/att2/2008_000034_max.pdf>
<fig/attention/voc10_part/att3/2008_000034_max.pdf, id=36, 240.4985pt x 286.309
65pt>
File: fig/attention/voc10_part/att3/2008_000034_max.pdf Graphic file (type pdf)

 <use fig/attention/voc10_part/att3/2008_000034_max.pdf>
<fig/attention/voc10_part/att1/2008_003344_max.pdf, id=37, 328.02548pt x 285.46
649pt>
File: fig/attention/voc10_part/att1/2008_003344_max.pdf Graphic file (type pdf)

 <use fig/attention/voc10_part/att1/2008_003344_max.pdf>
<fig/attention/voc10_part/att2/2008_003344_max.pdf, id=38, 328.02548pt x 285.46
649pt>
File: fig/attention/voc10_part/att2/2008_003344_max.pdf Graphic file (type pdf)

 <use fig/attention/voc10_part/att2/2008_003344_max.pdf>
<fig/attention/voc10_part/att3/2008_003344_max.pdf, id=39, 328.02548pt x 285.46
649pt>
File: fig/attention/voc10_part/att3/2008_003344_max.pdf Graphic file (type pdf)

 <use fig/attention/voc10_part/att3/2008_003344_max.pdf>
<fig/attention/voc10_part/att1/2008_000034.pdf, id=40, 245.3165pt x 279.84549pt
>
File: fig/attention/voc10_part/att1/2008_000034.pdf Graphic file (type pdf)
 <use fig/attention/voc10_part/att1/2008_000034.pdf>
<fig/attention/voc10_part/att2/2008_000034.pdf, id=41, 245.3165pt x 279.84549pt
>
File: fig/attention/voc10_part/att2/2008_000034.pdf Graphic file (type pdf)
 <use fig/attention/voc10_part/att2/2008_000034.pdf>
<fig/attention/voc10_part/att3/2008_000034.pdf, id=42, 245.3165pt x 279.84549pt
>
File: fig/attention/voc10_part/att3/2008_000034.pdf Graphic file (type pdf)
 <use fig/attention/voc10_part/att3/2008_000034.pdf>
<fig/attention/voc10_part/att1/2008_003344.pdf, id=43, 328.02548pt x 279.84549p
t>
File: fig/attention/voc10_part/att1/2008_003344.pdf Graphic file (type pdf)
 <use fig/attention/voc10_part/att1/2008_003344.pdf>
<fig/attention/voc10_part/att2/2008_003344.pdf, id=44, 332.8435pt x 279.84549pt
>
File: fig/attention/voc10_part/att2/2008_003344.pdf Graphic file (type pdf)
 <use fig/attention/voc10_part/att2/2008_003344.pdf>
<fig/attention/voc10_part/att3/2008_003344.pdf, id=45, 332.8435pt x 279.84549pt
>
File: fig/attention/voc10_part/att3/2008_003344.pdf Graphic file (type pdf)
 <use fig/attention/voc10_part/att3/2008_003344.pdf>
Missing character: There is no ; in font nullfont!
Missing character: There is no ; in font nullfont!
Missing character: There is no ; in font nullfont!

<fig/attention/model_illustration/add_sup_fig4.pdf, id=46, 794.97pt x 348.30125
pt>
File: fig/attention/model_illustration/add_sup_fig4.pdf Graphic file (type pdf)

 <use fig/attention/model_illustration/add_sup_fig4.pdf>
Missing character: There is no ; in font nullfont!
Missing character: There is no ; in font nullfont!
Missing character: There is no ; in font nullfont!
Missing character: There is no ; in font nullfont!
Missing character: There is no ; in font nullfont!
Missing character: There is no ; in font nullfont!

<fig/attention/voc12/img/2010_004795.jpg, id=48, 501.875pt x 376.40625pt>
File: fig/attention/voc12/img/2010_004795.jpg Graphic file (type jpg)

<use fig/attention/voc12/img/2010_004795.jpg>
<fig/attention/voc12/res_baseline/2010_004795.png, id=49, 501.875pt x 376.40625
pt>
File: fig/attention/voc12/res_baseline/2010_004795.png Graphic file (type png)
 <use fig/attention/voc12/res_baseline/2010_004795.png>
<fig/attention/voc12/res_sharenet/2010_004795.png, id=50, 501.875pt x 376.40625
pt>
File: fig/attention/voc12/res_sharenet/2010_004795.png Graphic file (type png)
 <use fig/attention/voc12/res_sharenet/2010_004795.png>
<fig/attention/voc12/att1/2010_004795.pdf, id=51, 351.3125pt x 226.8475pt>
File: fig/attention/voc12/att1/2010_004795.pdf Graphic file (type pdf)

<use fig/attention/voc12/att1/2010_004795.pdf>
<fig/attention/voc12/att2/2010_004795.pdf, id=52, 356.1305pt x 226.8475pt>
File: fig/attention/voc12/att2/2010_004795.pdf Graphic file (type pdf)

<use fig/attention/voc12/att2/2010_004795.pdf>
<fig/attention/voc12/att3/2010_004795.pdf, id=53, 351.3125pt x 226.8475pt>
File: fig/attention/voc12/att3/2010_004795.pdf Graphic file (type pdf)

<use fig/attention/voc12/att3/2010_004795.pdf>
<fig/attention/voc12/img/2011_001642.jpg, id=54, 501.875pt x 376.40625pt>
File: fig/attention/voc12/img/2011_001642.jpg Graphic file (type jpg)

<use fig/attention/voc12/img/2011_001642.jpg>
<fig/attention/voc12/res_baseline/2011_001642.png, id=55, 501.875pt x 376.40625
pt>
File: fig/attention/voc12/res_baseline/2011_001642.png Graphic file (type png)
 <use fig/attention/voc12/res_baseline/2011_001642.png>
<fig/attention/voc12/res_sharenet/2011_001642.png, id=56, 501.875pt x 376.40625
pt>
File: fig/attention/voc12/res_sharenet/2011_001642.png Graphic file (type png)
 <use fig/attention/voc12/res_sharenet/2011_001642.png>
<fig/attention/voc12/att1/2011_001642.pdf, id=57, 356.1305pt x 226.8475pt>
File: fig/attention/voc12/att1/2011_001642.pdf Graphic file (type pdf)

<use fig/attention/voc12/att1/2011_001642.pdf>
<fig/attention/voc12/att2/2011_001642.pdf, id=58, 356.1305pt x 226.8475pt>
File: fig/attention/voc12/att2/2011_001642.pdf Graphic file (type pdf)

<use fig/attention/voc12/att2/2011_001642.pdf>
<fig/attention/voc12/att3/2011_001642.pdf, id=59, 356.1305pt x 226.8475pt>
File: fig/attention/voc12/att3/2011_001642.pdf Graphic file (type pdf)

<use fig/attention/voc12/att3/2011_001642.pdf>
<fig/attention/voc12/img/2011_002121.jpg, id=60, 481.8pt x 361.35pt>
File: fig/attention/voc12/img/2011_002121.jpg Graphic file (type jpg)

<use fig/attention/voc12/img/2011_002121.jpg>
<fig/attention/voc12/res_baseline/2011_002121.png, id=61, 481.8pt x 361.35pt>
File: fig/attention/voc12/res_baseline/2011_002121.png Graphic file (type png)

<use fig/attention/voc12/res_baseline/2011_002121.png>
<fig/attention/voc12/res_sharenet/2011_002121.png, id=62, 481.8pt x 361.35pt>
File: fig/attention/voc12/res_sharenet/2011_002121.png Graphic file (type png)

<use fig/attention/voc12/res_sharenet/2011_002121.png>
<fig/attention/voc12/att1/2011_002121.pdf, id=63, 356.1305pt x 226.8475pt>
File: fig/attention/voc12/att1/2011_002121.pdf Graphic file (type pdf)

<use fig/attention/voc12/att1/2011_002121.pdf>
<fig/attention/voc12/att2/2011_002121.pdf, id=64, 356.1305pt x 226.8475pt>
File: fig/attention/voc12/att2/2011_002121.pdf Graphic file (type pdf)

<use fig/attention/voc12/att2/2011_002121.pdf>
<fig/attention/voc12/att3/2011_002121.pdf, id=65, 356.1305pt x 228.4535pt>
File: fig/attention/voc12/att3/2011_002121.pdf Graphic file (type pdf)

<use fig/attention/voc12/att3/2011_002121.pdf>
<fig/attention/voc12/img/2011_003256.jpg, id=66, 240.9pt x 180.675pt>
File: fig/attention/voc12/img/2011_003256.jpg Graphic file (type jpg)

<use fig/attention/voc12/img/2011_003256.jpg>
<fig/attention/voc12/res_baseline/2011_003256.png, id=67, 501.875pt x 376.40625
pt>
File: fig/attention/voc12/res_baseline/2011_003256.png Graphic file (type png)
 <use fig/attention/voc12/res_baseline/2011_003256.png>
<fig/attention/voc12/res_sharenet/2011_003256.png, id=68, 501.875pt x 376.40625
pt>
File: fig/attention/voc12/res_sharenet/2011_003256.png Graphic file (type png)
 <use fig/attention/voc12/res_sharenet/2011_003256.png>
<fig/attention/voc12/att1/2011_003256.pdf, id=69, 351.3125pt x 226.8475pt>
File: fig/attention/voc12/att1/2011_003256.pdf Graphic file (type pdf)

<use fig/attention/voc12/att1/2011_003256.pdf>
<fig/attention/voc12/att2/2011_003256.pdf, id=70, 356.1305pt x 226.8475pt>
File: fig/attention/voc12/att2/2011_003256.pdf Graphic file (type pdf)

<use fig/attention/voc12/att2/2011_003256.pdf>
<fig/attention/voc12/att3/2011_003256.pdf, id=71, 351.3125pt x 226.8475pt>
File: fig/attention/voc12/att3/2011_003256.pdf Graphic file (type pdf)

<use fig/attention/voc12/att3/2011_003256.pdf>
<fig/attention/voc12/img/2007_008260.jpg, id=72, 501.875pt x 376.40625pt>
File: fig/attention/voc12/img/2007_008260.jpg Graphic file (type jpg)

<use fig/attention/voc12/img/2007_008260.jpg>
<fig/attention/voc12/res_baseline/2007_008260.png, id=73, 501.875pt x 376.40625
pt>
File: fig/attention/voc12/res_baseline/2007_008260.png Graphic file (type png)
 <use fig/attention/voc12/res_baseline/2007_008260.png>
<fig/attention/voc12/res_sharenet/2007_008260.png, id=74, 501.875pt x 376.40625
pt>
File: fig/attention/voc12/res_sharenet/2007_008260.png Graphic file (type png)
 <use fig/attention/voc12/res_sharenet/2007_008260.png>
<fig/attention/voc12/att1/2007_008260.pdf, id=75, 356.1305pt x 226.8475pt>
File: fig/attention/voc12/att1/2007_008260.pdf Graphic file (type pdf)

<use fig/attention/voc12/att1/2007_008260.pdf>
<fig/attention/voc12/att2/2007_008260.pdf, id=76, 356.1305pt x 229.2565pt>
File: fig/attention/voc12/att2/2007_008260.pdf Graphic file (type pdf)

<use fig/attention/voc12/att2/2007_008260.pdf>
<fig/attention/voc12/att3/2007_008260.pdf, id=77, 356.1305pt x 226.8475pt>
File: fig/attention/voc12/att3/2007_008260.pdf Graphic file (type pdf)

<use fig/attention/voc12/att3/2007_008260.pdf>
Overfull \hbox (7.0014pt too wide) in paragraph at lines 426--426
[]  []
 []


Underfull \hbox (badness 10000) in paragraph at lines 426--426

 []

Missing character: There is no ; in font nullfont!
Missing character: There is no ; in font nullfont!
Missing character: There is no ; in font nullfont!
LaTeX Font Info:    Try loading font information for T1+pcr on input line 441.
(/usr/share/texmf-texlive/tex/latex/psnfss/t1pcr.fd
File: t1pcr.fd 2001/06/04 font definitions for T1/pcr.
)
Missing character: There is no ; in font nullfont!
Missing character: There is no ; in font nullfont!
Missing character: There is no ; in font nullfont!
Missing character: There is no ; in font nullfont!
Missing character: There is no ; in font nullfont!
Missing character: There is no ; in font nullfont!
 [2

{/var/lib/texmf/fonts/map/pdftex/updmap/pdftex.map} <./fig/attention/voc12/img/
2008_008221.jpg> <./fig/attention/voc12/img/2007_002728.jpg> <./fig/attention/c
oco/img/COCO_val2014_000000000395.jpg> <./fig/attention/voc12/gt/2008_008221.pn
g (PNG copy)> <./fig/attention/voc12/gt/2007_002728.png (PNG copy)> <./fig/atte
ntion/coco/gt_tmp/COCO_val2014_000000000395.png (PNG copy)> <./fig/attention/mo
del_illustration/fig4.pdf> <./fig/attention/model_illustration/fig5_2.pdf> <./f
ig/attention/model_illustration/our_fig4.pdf> <./fig/attention/voc10_part/img/2
008_000034.jpg> <./fig/attention/voc10_part/img/2008_003344.jpg> <./fig/attenti
on/voc10_part/att1/2008_000034_max.pdf> <./fig/attention/voc10_part/att2/2008_0
00034_max.pdf> <./fig/attention/voc10_part/att3/2008_000034_max.pdf> <./fig/att
ention/voc10_part/att1/2008_003344_max.pdf> <./fig/attention/voc10_part/att2/20
08_003344_max.pdf> <./fig/attention/voc10_part/att3/2008_003344_max.pdf> <./fig
/attention/voc10_part/att1/2008_000034.pdf> <./fig/attention/voc10_part/att2/20
08_000034.pdf> <./fig/attention/voc10_part/att3/2008_000034.pdf> <./fig/attenti
on/voc10_part/att1/2008_003344.pdf> <./fig/attention/voc10_part/att2/2008_00334
4.pdf> <./fig/attention/voc10_part/att3/2008_003344.pdf> <./fig/attention/model
_illustration/add_sup_fig4.pdf> <./fig/attention/voc12/img/2010_004795.jpg> <./
fig/attention/voc12/res_baseline/2010_004795.png (PNG copy)> <./fig/attention/v
oc12/res_sharenet/2010_004795.png (PNG copy)> <./fig/attention/voc12/att1/2010_
004795.pdf> <./fig/attention/voc12/att2/2010_004795.pdf> <./fig/attention/voc12
/att3/2010_004795.pdf> <./fig/attention/voc12/img/2011_001642.jpg> <./fig/atten
tion/voc12/res_baseline/2011_001642.png (PNG copy)> <./fig/attention/voc12/res_
sharenet/2011_001642.png (PNG copy)> <./fig/attention/voc12/att1/2011_001642.pd
f> <./fig/attention/voc12/att2/2011_001642.pdf> <./fig/attention/voc12/att3/201
1_001642.pdf> <./fig/attention/voc12/img/2011_002121.jpg> <./fig/attention/voc1
2/res_baseline/2011_002121.png (PNG copy)> <./fig/attention/voc12/res_sharenet/
2011_002121.png (PNG copy)> <./fig/attention/voc12/att1/2011_002121.pdf> <./fig
/attention/voc12/att2/2011_002121.pdf> <./fig/attention/voc12/att3/2011_002121.
pdf> <./fig/attention/voc12/img/2011_003256.jpg> <./fig/attention/voc12/res_bas
eline/2011_003256.png (PNG copy)> <./fig/attention/voc12/res_sharenet/2011_0032
56.png (PNG copy)> <./fig/attention/voc12/att1/2011_003256.pdf> <./fig/attentio
n/voc12/att2/2011_003256.pdf> <./fig/attention/voc12/att3/2011_003256.pdf> <./f
ig/attention/voc12/img/2007_008260.jpg> <./fig/attention/voc12/res_baseline/200
7_008260.png (PNG copy)> <./fig/attention/voc12/res_sharenet/2007_008260.png (P
NG copy)> <./fig/attention/voc12/att1/2007_008260.pdf> <./fig/attention/voc12/a
tt2/2007_008260.pdf> <./fig/attention/voc12/att3/2007_008260.pdf>] (./poster.au
x) ) 
Here is how much of TeX's memory you used:
 13806 strings out of 493848
 271573 string characters out of 1152823
 345573 words of memory out of 3000000
 16726 multiletter control sequences out of 15000+50000
 28690 words of font info for 64 fonts, out of 3000000 for 9000
 716 hyphenation exceptions out of 8191
 63i,18n,70p,417b,971s stack positions out of 5000i,500n,10000p,200000b,50000s
{/usr/share/texmf-texlive/fonts/enc/dvips/base/8r.enc}</usr/share/texmf-tex
live/fonts/type1/public/amsfonts/cm/cmex10.pfb></usr/share/texmf-texlive/fonts/
type1/public/amsfonts/cm/cmmi10.pfb></usr/share/texmf-texlive/fonts/type1/publi
c/amsfonts/cm/cmmi7.pfb></usr/share/texmf-texlive/fonts/type1/public/amsfonts/c
m/cmr10.pfb></usr/share/texmf-texlive/fonts/type1/public/amsfonts/cm/cmr7.pfb><
/usr/share/texmf-texlive/fonts/type1/public/amsfonts/cm/cmsy10.pfb></usr/share/
texmf-texlive/fonts/type1/urw/courier/ucrr8a.pfb></usr/share/texmf-texlive/font
s/type1/urw/palatino/uplb8a.pfb></usr/share/texmf-texlive/fonts/type1/urw/palat
ino/uplr8a.pfb></usr/share/texmf-texlive/fonts/type1/urw/palatino/uplri8a.pfb>
Output written on poster.pdf (1 page, 3644240 bytes).
PDF statistics:
 376 PDF objects out of 1000 (max. 8388607)
 0 named destinations out of 1000 (max. 500000)
 379 words of extra memory for PDF output out of 10000 (max. 10000000)

